<?xml version="1.0" encoding="UTF-8"?>
<!-- Generated by org.testng.reporters.JUnitReportReporter -->
<testsuite hostname="SCL258" name="com.test.cases.TestWeatherReport" tests="7" failures="0" timestamp="23 Aug 2020 15:06:39 GMT" time="12.027" errors="0">
  <testcase name="testPinCity" time="0.688" classname="com.test.cases.TestWeatherReport"/>
  <testcase name="testAPIWeatherDetails" time="2.697" classname="com.test.cases.TestWeatherReport"/>
  <testcase name="testWindSpeedVariance" time="0.003" classname="com.test.cases.TestWeatherReport"/>
  <testcase name="testHumidityVariance" time="0.010" classname="com.test.cases.TestWeatherReport"/>
  <testcase name="testDetailNDTVReport" time="0.624" classname="com.test.cases.TestWeatherReport"/>
  <testcase name="testTempVariance" time="0.004" classname="com.test.cases.TestWeatherReport"/>
  <testcase name="testWeatherMenu" time="8.001" classname="com.test.cases.TestWeatherReport"/>
</testsuite> <!-- com.test.cases.TestWeatherReport -->
